{"contracts/Activatable.sol":{"l":{"13":0,"14":0,"18":0,"19":0,"23":0,"24":0,"28":0,"29":0},"path":"/Users/gimtaemin/myproject/contracts/Activatable.sol","s":{"1":0,"2":0,"3":0,"4":0,"5":0,"6":0},"b":{"1":[0,0],"2":[0,0]},"f":{"1":0,"2":0,"3":0,"4":0},"fnMap":{"1":{"name":"whenActive","line":12,"loc":{"start":{"line":12,"column":2},"end":{"line":15,"column":2}}},"2":{"name":"whenNotActive","line":17,"loc":{"start":{"line":17,"column":2},"end":{"line":20,"column":2}}},"3":{"name":"deactivate","line":22,"loc":{"start":{"line":22,"column":2},"end":{"line":25,"column":2}}},"4":{"name":"activate","line":27,"loc":{"start":{"line":27,"column":2},"end":{"line":30,"column":2}}}},"statementMap":{"1":{"start":{"line":13,"column":4},"end":{"line":13,"column":22}},"2":{"start":{"line":18,"column":4},"end":{"line":18,"column":23}},"3":{"start":{"line":23,"column":4},"end":{"line":23,"column":17}},"4":{"start":{"line":24,"column":4},"end":{"line":24,"column":31}},"5":{"start":{"line":28,"column":4},"end":{"line":28,"column":16}},"6":{"start":{"line":29,"column":4},"end":{"line":29,"column":29}}},"branchMap":{"1":{"line":13,"type":"if","locations":[{"start":{"line":13,"column":4},"end":{"line":13,"column":4}},{"start":{"line":13,"column":4},"end":{"line":13,"column":4}}]},"2":{"line":18,"type":"if","locations":[{"start":{"line":18,"column":4},"end":{"line":18,"column":4}},{"start":{"line":18,"column":4},"end":{"line":18,"column":4}}]}}},"contracts/Room.sol":{"l":{"19":0,"23":0,"24":0,"28":0,"29":0,"30":0,"31":0,"32":0,"34":0,"35":0,"36":0,"40":0,"41":0,"43":0,"44":0},"path":"/Users/gimtaemin/myproject/contracts/Room.sol","s":{"1":0,"2":0,"3":0,"4":0,"5":0,"6":0,"7":0,"8":0,"9":0,"10":0,"11":0,"12":0,"13":0,"14":0,"15":0},"b":{"1":[0,0],"2":[0,0],"3":[0,0],"4":[0,0],"5":[0,0],"6":[0,0],"7":[0,0]},"f":{"1":0,"2":0,"3":0,"4":0},"fnMap":{"1":{"name":"constructor","line":18,"loc":{"start":{"line":18,"column":2},"end":{"line":20,"column":2}}},"2":{"name":"deposit","line":22,"loc":{"start":{"line":22,"column":2},"end":{"line":25,"column":2}}},"3":{"name":"sendReward","line":27,"loc":{"start":{"line":27,"column":2},"end":{"line":37,"column":2}}},"4":{"name":"refundToOwner","line":39,"loc":{"start":{"line":39,"column":2},"end":{"line":45,"column":2}}}},"statementMap":{"1":{"start":{"line":19,"column":4},"end":{"line":19,"column":20}},"2":{"start":{"line":23,"column":4},"end":{"line":23,"column":29}},"3":{"start":{"line":24,"column":4},"end":{"line":24,"column":41}},"4":{"start":{"line":28,"column":4},"end":{"line":28,"column":32}},"5":{"start":{"line":29,"column":4},"end":{"line":29,"column":27}},"6":{"start":{"line":30,"column":4},"end":{"line":30,"column":48}},"7":{"start":{"line":31,"column":4},"end":{"line":31,"column":35}},"8":{"start":{"line":32,"column":4},"end":{"line":32,"column":31}},"9":{"start":{"line":34,"column":4},"end":{"line":34,"column":25}},"10":{"start":{"line":35,"column":4},"end":{"line":35,"column":35}},"11":{"start":{"line":36,"column":4},"end":{"line":36,"column":40}},"12":{"start":{"line":40,"column":4},"end":{"line":40,"column":41}},"13":{"start":{"line":41,"column":4},"end":{"line":41,"column":51}},"14":{"start":{"line":43,"column":4},"end":{"line":43,"column":44}},"15":{"start":{"line":44,"column":4},"end":{"line":44,"column":53}}},"branchMap":{"1":{"line":23,"type":"if","locations":[{"start":{"line":23,"column":4},"end":{"line":23,"column":4}},{"start":{"line":23,"column":4},"end":{"line":23,"column":4}}]},"2":{"line":28,"type":"if","locations":[{"start":{"line":28,"column":4},"end":{"line":28,"column":4}},{"start":{"line":28,"column":4},"end":{"line":28,"column":4}}]},"3":{"line":29,"type":"if","locations":[{"start":{"line":29,"column":4},"end":{"line":29,"column":4}},{"start":{"line":29,"column":4},"end":{"line":29,"column":4}}]},"4":{"line":30,"type":"if","locations":[{"start":{"line":30,"column":4},"end":{"line":30,"column":4}},{"start":{"line":30,"column":4},"end":{"line":30,"column":4}}]},"5":{"line":31,"type":"if","locations":[{"start":{"line":31,"column":4},"end":{"line":31,"column":4}},{"start":{"line":31,"column":4},"end":{"line":31,"column":4}}]},"6":{"line":32,"type":"if","locations":[{"start":{"line":32,"column":4},"end":{"line":32,"column":4}},{"start":{"line":32,"column":4},"end":{"line":32,"column":4}}]},"7":{"line":40,"type":"if","locations":[{"start":{"line":40,"column":4},"end":{"line":40,"column":4}},{"start":{"line":40,"column":4},"end":{"line":40,"column":4}}]}}},"contracts/RoomFactory.sol":{"l":{"12":0,"13":0},"path":"/Users/gimtaemin/myproject/contracts/RoomFactory.sol","s":{"1":0,"2":0},"b":{},"f":{"1":0},"fnMap":{"1":{"name":"createRoom","line":11,"loc":{"start":{"line":11,"column":2},"end":{"line":14,"column":2}}}},"statementMap":{"1":{"start":{"line":12,"column":4},"end":{"line":12,"column":54}},"2":{"start":{"line":13,"column":4},"end":{"line":13,"column":58}}},"branchMap":{}}}