TN:
SF:/Users/gimtaemin/myproject/contracts/Activatable.sol
FN:12,whenActive
FN:17,whenNotActive
FN:22,deactivate
FN:27,activate
FNF:4
FNH:0
FNDA:0,whenActive
FNDA:0,whenNotActive
FNDA:0,deactivate
FNDA:0,activate
DA:13,0
DA:14,0
DA:18,0
DA:19,0
DA:23,0
DA:24,0
DA:28,0
DA:29,0
LF:8
LH:0
BRDA:13,1,0,0
BRDA:13,1,1,0
BRDA:18,2,0,0
BRDA:18,2,1,0
BRF:4
BRH:0
end_of_record
TN:
SF:/Users/gimtaemin/myproject/contracts/Room.sol
FN:18,constructor
FN:22,deposit
FN:27,sendReward
FN:39,refundToOwner
FNF:4
FNH:0
FNDA:0,constructor
FNDA:0,deposit
FNDA:0,sendReward
FNDA:0,refundToOwner
DA:19,0
DA:23,0
DA:24,0
DA:28,0
DA:29,0
DA:30,0
DA:31,0
DA:32,0
DA:34,0
DA:35,0
DA:36,0
DA:40,0
DA:41,0
DA:43,0
DA:44,0
LF:15
LH:0
BRDA:23,1,0,0
BRDA:23,1,1,0
BRDA:28,2,0,0
BRDA:28,2,1,0
BRDA:29,3,0,0
BRDA:29,3,1,0
BRDA:30,4,0,0
BRDA:30,4,1,0
BRDA:31,5,0,0
BRDA:31,5,1,0
BRDA:32,6,0,0
BRDA:32,6,1,0
BRDA:40,7,0,0
BRDA:40,7,1,0
BRF:14
BRH:0
end_of_record
TN:
SF:/Users/gimtaemin/myproject/contracts/RoomFactory.sol
FN:11,createRoom
FNF:1
FNH:0
FNDA:0,createRoom
DA:12,0
DA:13,0
LF:2
LH:0
BRF:0
BRH:0
end_of_record
